<?xml version="1.0" encoding="UTF-8"?>
<!-- Generated by org.testng.reporters.JUnitReportReporter -->
<testsuite skipped="0" hostname="DESKTOP-CPVMOC0" name="regExpressions.RegExpTest" tests="1" failures="0" timestamp="24 Jun 2018 07:48:46 GMT" time="0.028" errors="0">
  <testcase name="f" time="0.028" classname="regExpressions.RegExpTest"/>
</testsuite> <!-- regExpressions.RegExpTest -->
