<?xml version="1.0" encoding="UTF-8"?>
<!-- Generated by org.testng.reporters.JUnitReportReporter -->
<testsuite skipped="1" hostname="DESKTOP-CPVMOC0" name="testngWorks.TestNG_Two" tests="2" failures="0" timestamp="15 Jun 2018 11:01:46 GMT" time="9.484" errors="0">
  <testcase name="a" time="9.484" classname="testngWorks.TestNG_Two"/>
  <testcase name="b" classname="testngWorks.TestNG_Two">
    <skipped/>
  </testcase> <!-- b -->
</testsuite> <!-- testngWorks.TestNG_Two -->
