<?xml version="1.0" encoding="UTF-8"?>
<!-- Generated by org.testng.reporters.JUnitReportReporter -->
<testsuite skipped="0" hostname="DESKTOP-CPVMOC0" name="stringWorks.StringWorks" tests="1" failures="0" timestamp="26 Jun 2018 03:04:37 GMT" time="0.016" errors="0">
  <testcase name="stringTest" time="0.016" classname="stringWorks.StringWorks"/>
</testsuite> <!-- stringWorks.StringWorks -->
