<?xml version="1.0" encoding="UTF-8"?>
<!-- Generated by org.testng.reporters.JUnitReportReporter -->
<testsuite skipped="0" hostname="DESKTOP-CPVMOC0" name="casting.CastingDataTypes" tests="1" failures="0" timestamp="24 Jun 2018 14:39:22 GMT" time="0.022" errors="0">
  <testcase name="toCast" time="0.022" classname="casting.CastingDataTypes"/>
</testsuite> <!-- casting.CastingDataTypes -->
