<?xml version="1.0" encoding="UTF-8"?>
<!-- Generated by org.testng.reporters.JUnitReportReporter -->
<testsuite skipped="1" hostname="DESKTOP-CPVMOC0" name="testngWorks.TestNG_One" tests="3" failures="0" timestamp="16 Jun 2018 19:01:21 GMT" time="14.998" errors="0">
  <testcase name="a" time="9.029" classname="testngWorks.TestNG_One"/>
  <testcase name="a" time="5.969" classname="testngWorks.TestNG_One"/>
  <testcase name="b" classname="testngWorks.TestNG_One">
    <skipped/>
  </testcase> <!-- b -->
</testsuite> <!-- testngWorks.TestNG_One -->
