<?xml version="1.0" encoding="UTF-8"?>
<!-- Generated by org.testng.reporters.JUnitReportReporter -->
<testsuite skipped="1" hostname="DESKTOP-CPVMOC0" name="testngWorks.TestNG_One" tests="3" failures="0" timestamp="26 Jun 2018 07:06:07 GMT" time="24.071" errors="0">
  <testcase name="a" time="9.040" classname="testngWorks.TestNG_One"/>
  <testcase name="a" time="15.031" classname="testngWorks.TestNG_One"/>
  <testcase name="b" classname="testngWorks.TestNG_One">
    <skipped/>
  </testcase> <!-- b -->
</testsuite> <!-- testngWorks.TestNG_One -->
