<?xml version="1.0" encoding="UTF-8"?>
<!-- Generated by org.testng.reporters.JUnitReportReporter -->
<testsuite skipped="0" hostname="DESKTOP-CPVMOC0" name="sikuliWorks.SikuliAutomationFileUpld" tests="1" failures="0" timestamp="17 Jun 2018 07:37:43 GMT" time="11.390" errors="0">
  <testcase name="toTest" time="11.390" classname="sikuliWorks.SikuliAutomationFileUpld"/>
</testsuite> <!-- sikuliWorks.SikuliAutomationFileUpld -->
