<?xml version="1.0" encoding="UTF-8"?>
<!-- Generated by org.testng.reporters.JUnitReportReporter -->
<testsuite skipped="1" hostname="DESKTOP-CPVMOC0" name="testngWorks.TestNG_One" tests="3" failures="0" timestamp="15 Jun 2018 14:07:07 GMT" time="34.763" errors="0">
  <testcase name="a" time="24.329" classname="testngWorks.TestNG_One"/>
  <testcase name="a" time="10.434" classname="testngWorks.TestNG_One"/>
  <testcase name="b" classname="testngWorks.TestNG_One">
    <skipped/>
  </testcase> <!-- b -->
</testsuite> <!-- testngWorks.TestNG_One -->
