<?xml version="1.0" encoding="UTF-8"?>
<!-- Generated by org.testng.reporters.JUnitReportReporter -->
<testsuite skipped="0" hostname="DESKTOP-CPVMOC0" name="sikuliWorks.SikuliAutomationNotepad" tests="1" failures="0" timestamp="26 Jun 2018 07:19:05 GMT" time="8.735" errors="0">
  <testcase name="test" time="8.735" classname="sikuliWorks.SikuliAutomationNotepad"/>
</testsuite> <!-- sikuliWorks.SikuliAutomationNotepad -->
