<?xml version="1.0" encoding="UTF-8"?>
<!-- Generated by org.testng.reporters.JUnitReportReporter -->
<testsuite skipped="0" hostname="DESKTOP-CPVMOC0" name="sikuliWorks.SikuliAutomationPicCompare" tests="1" failures="0" timestamp="17 Jun 2018 12:12:51 GMT" time="3.136" errors="0">
  <testcase name="toTest" time="3.136" classname="sikuliWorks.SikuliAutomationPicCompare"/>
</testsuite> <!-- sikuliWorks.SikuliAutomationPicCompare -->
