<?xml version="1.0" encoding="UTF-8"?>
<!-- Generated by org.testng.reporters.JUnitReportReporter -->
<testsuite skipped="0" hostname="DESKTOP-CPVMOC0" name="sikuliWorks.SikuliAutomationNotepad" tests="1" failures="0" timestamp="17 Jun 2018 07:37:43 GMT" time="6.100" errors="0">
  <testcase name="test" time="6.100" classname="sikuliWorks.SikuliAutomationNotepad"/>
</testsuite> <!-- sikuliWorks.SikuliAutomationNotepad -->
