<?xml version="1.0" encoding="UTF-8"?>
<!-- Generated by org.testng.reporters.JUnitReportReporter -->
<testsuite skipped="0" hostname="DESKTOP-CPVMOC0" name="collections.LinkedListWrks2" tests="1" failures="0" timestamp="24 Jun 2018 15:34:48 GMT" time="0.017" errors="0">
  <testcase name="linkdLstWrks2" time="0.017" classname="collections.LinkedListWrks2"/>
</testsuite> <!-- collections.LinkedListWrks2 -->
