<?xml version="1.0" encoding="UTF-8"?>
<!-- Generated by org.testng.reporters.JUnitReportReporter -->
<testsuite skipped="0" hostname="DESKTOP-CPVMOC0" name="sikuliWorks.SikuliAutomation" tests="1" failures="0" timestamp="16 Jun 2018 19:11:17 GMT" time="10.965" errors="0">
  <testcase name="toTest" time="10.965" classname="sikuliWorks.SikuliAutomation"/>
</testsuite> <!-- sikuliWorks.SikuliAutomation -->
