<?xml version="1.0" encoding="UTF-8"?>
<!-- Generated by org.testng.reporters.JUnitReportReporter -->
<testsuite skipped="0" hostname="DESKTOP-CPVMOC0" name="collections.LinkedListWrks" tests="1" failures="0" timestamp="24 Jun 2018 15:45:01 GMT" time="0.022" errors="0">
  <testcase name="linkdLstWrks" time="0.022" classname="collections.LinkedListWrks"/>
</testsuite> <!-- collections.LinkedListWrks -->
