<?xml version="1.0" encoding="UTF-8"?>
<!-- Generated by org.testng.reporters.JUnitReportReporter -->
<testsuite skipped="0" hostname="DESKTOP-CPVMOC0" name="stringWorks.StringBufferWorks" tests="1" failures="0" timestamp="26 Jun 2018 06:03:56 GMT" time="0.020" errors="0">
  <testcase name="stringTest" time="0.020" classname="stringWorks.StringBufferWorks"/>
</testsuite> <!-- stringWorks.StringBufferWorks -->
