<?xml version="1.0" encoding="UTF-8"?>
<!-- Generated by org.testng.reporters.JUnitReportReporter -->
<testsuite skipped="0" hostname="DESKTOP-CPVMOC0" name="maps.MapsWorks" tests="1" failures="0" timestamp="26 Jun 2018 05:39:54 GMT" time="0.027" errors="0">
  <testcase name="mapsTest" time="0.027" classname="maps.MapsWorks"/>
</testsuite> <!-- maps.MapsWorks -->
